{"timestamp": "2026-04-23 21:39:58", "platform": "Binance", "asset": "USDT", "amount": 2442.0, "type": "AJUSTE", "notes": ""}
{"timestamp": "2026-04-23 21:40:10", "platform": "MercadoPago", "asset": "ARS", "amount": 3200000.0, "type": "AJUSTE", "notes": ""}
{"timestamp": "2026-04-27 12:18:38", "platform": "Binance", "asset": "USDT", "amount": 0.0, "type": "AJUSTE", "notes": ""}
{"timestamp": "2026-04-27 15:00:16", "platform": "Lemon Cash", "asset": "ARS", "amount": 0.0, "type": "AJUSTE", "notes": ""}
{"timestamp": "2026-04-27 15:00:39", "platform": "Lemon Cash", "asset": "ARS", "amount": 745050.3699999999, "type": "AJUSTE", "notes": ""}
{"timestamp": "2026-04-27 15:00:41", "platform": "Mercado Pago", "asset": "ARS", "amount": 0.0, "type": "AJUSTE", "notes": ""}
{"timestamp": "2026-04-27 15:01:09", "platform": "Mercado Pago", "asset": "ARS", "amount": -133047.74, "type": "AJUSTE", "notes": ""}
{"timestamp": "2026-04-27 15:01:10", "platform": "Naranja X", "asset": "ARS", "amount": 0.0, "type": "AJUSTE", "notes": ""}
{"timestamp": "2026-04-27 15:01:36", "platform": "Ual\u00c3\u00a1", "asset": "ARS", "amount": -99400.48999999999, "type": "AJUSTE", "notes": ""}
{"timestamp": "2026-04-27 15:01:38", "platform": "Naranja X", "asset": "ARS", "amount": 0.0, "type": "AJUSTE", "notes": ""}
{"timestamp": "2026-04-27 15:02:14", "platform": "Naranja X", "asset": "ARS", "amount": 564.0899999999674, "type": "AJUSTE", "notes": ""}
{"timestamp": "2026-04-27 15:02:17", "platform": "Brubank", "asset": "ARS", "amount": 0.0, "type": "AJUSTE", "notes": ""}
{"timestamp": "2026-04-27 15:02:30", "platform": "Brubank", "asset": "ARS", "amount": -600000.0, "type": "AJUSTE", "notes": ""}
{"timestamp": "2026-04-27 17:05:35", "platform": "Bybit", "asset": "USDT", "amount": 0.0, "type": "AJUSTE", "notes": ""}
{"timestamp": "2026-04-27 17:06:04", "platform": "test", "asset": "ARS", "amount": 0.0, "type": "AJUSTE", "notes": ""}
{"timestamp": "2026-04-27 17:06:08", "platform": "rwer", "asset": "USDT", "amount": 0.0, "type": "AJUSTE", "notes": ""}
{"timestamp": "2026-04-27 17:25:10", "platform": "a", "asset": "ARS", "amount": 0.0, "type": "AJUSTE", "notes": ""}
{"timestamp": "2026-04-27 17:31:04", "platform": "Bybit", "asset": "ARS", "amount": 200.0, "type": "AJUSTE", "notes": ""}
{"timestamp": "2026-04-27 17:31:04", "platform": "Bybit", "asset": "ARS", "amount": 0.0, "type": "AJUSTE", "notes": ""}
{"timestamp": "2026-04-27 17:31:21", "platform": "Bybit", "asset": "USDT", "amount": 0.0, "type": "AJUSTE", "notes": ""}
{"timestamp": "2026-04-27 17:31:37", "platform": "OXC", "asset": "ARS", "amount": 0.0, "type": "AJUSTE", "notes": ""}
{"timestamp": "2026-04-27 17:31:42", "platform": "OXC", "asset": "ARS", "amount": 23.0, "type": "AJUSTE", "notes": ""}
{"timestamp": "2026-04-27 17:31:46", "platform": "Bybit", "asset": "ARS", "amount": 20.0, "type": "AJUSTE", "notes": ""}
{"timestamp": "2026-04-27 17:40:16", "platform": "bybit", "asset": "USDT", "amount": 0.0, "type": "AJUSTE", "notes": ""}
{"timestamp": "2026-04-27 17:43:59", "platform": "OCX", "asset": "USDT", "amount": 0.0, "type": "AJUSTE", "notes": ""}
{"timestamp": "2026-04-27 17:44:04", "platform": "OCX", "asset": "ARS", "amount": 12.0, "type": "AJUSTE", "notes": ""}
{"timestamp": "2026-04-27 17:44:12", "platform": "dos", "asset": "ARS", "amount": 0.0, "type": "AJUSTE", "notes": ""}
{"timestamp": "2026-04-27 17:44:17", "platform": "dos", "asset": "ARS", "amount": 22.0, "type": "AJUSTE", "notes": ""}
{"timestamp": "2026-04-27 17:43:00", "platform": "Binance/Lemon Cash", "asset": "TRADE", "amount": 234.45, "type": "VENTA", "notes": "VENTA | 234.45 USDT @ 350033.0 ARS | Binance/Lemon Cash"}
{"timestamp": "2026-04-27 20:37:39", "platform": "test", "asset": "ARS", "amount": 0.0, "type": "AJUSTE", "notes": ""}
